<?xml version="1.0" encoding="UTF-8"?>
<testsuite name="org.apache.http.impl.client.cache.TestCacheValidityPolicy" time="0.01" tests="45" errors="0" skipped="0" failures="0">
  <properties>
[...]
</properties>
  <testcase name="testCorrectContentLengthDoesntInvalidateEntry" classname="org.apache.http.impl.client.cache.TestCacheValidityPolicy" time="0"/>
  <testcase name="testResponseIsNotFreshIfFreshnessLifetimeEqualsCurrentAge" classname="org.apache.http.impl.client.cache.TestCacheValidityPolicy" time="0.001"/>
  <testcase name="testProxyRevalidateIsTrueWhenDirectiveIsPresent" classname="org.apache.http.impl.client.cache.TestCacheValidityPolicy" time="0"/>
  <testcase name="testMayReturnStaleIfErrorInResponseIsTrueWithinStaleness" classname="org.apache.http.impl.client.cache.TestCacheValidityPolicy" time="0.001"/>
  <testcase name="testFreshnessLifetimeIsSMaxAgeIfPresent" classname="org.apache.http.impl.client.cache.TestCacheValidityPolicy" time="0"/>
  <testcase name="testFreshnessLifetimeIsMaxAgeEvenIfExpiresIsPresent" classname="org.apache.http.impl.client.cache.TestCacheValidityPolicy" time="0"/>
  <testcase name="testMalformedCacheControlMaxAgeHeaderReturnsZero" classname="org.apache.http.impl.client.cache.TestCacheValidityPolicy" time="0"/>
  <testcase name="testMalformedContentLengthReturnsNegativeOne" classname="org.apache.http.impl.client.cache.TestCacheValidityPolicy" time="0"/>
  <testcase name="testApparentAgeIsMaxIntIfDateHeaderNotPresent" classname="org.apache.http.impl.client.cache.TestCacheValidityPolicy" time="0"/>
  <testcase name="testWrongContentLengthInvalidatesEntry" classname="org.apache.http.impl.client.cache.TestCacheValidityPolicy" time="0"/>
  <testcase name="testProxyRevalidateIsFalseIfDirectiveNotPresent" classname="org.apache.http.impl.client.cache.TestCacheValidityPolicy" time="0"/>
  <testcase name="testResponseIsNotFreshIfCurrentAgeExceedsFreshnessLifetime" classname="org.apache.http.impl.client.cache.TestCacheValidityPolicy" time="0.001"/>
  <testcase name="testHeuristicFreshnessLifetime" classname="org.apache.http.impl.client.cache.TestCacheValidityPolicy" time="0"/>
  <testcase name="testCorrectedReceivedAgeIsApparentAgeIfLarger" classname="org.apache.http.impl.client.cache.TestCacheValidityPolicy" time="0.001"/>
  <testcase name="testMustRevalidateIsTrueWhenDirectiveIsPresent" classname="org.apache.http.impl.client.cache.TestCacheValidityPolicy" time="0"/>
  <testcase name="testMayReturnStaleWhileRevalidatingIsFalseWhenPastStaleness" classname="org.apache.http.impl.client.cache.TestCacheValidityPolicy" time="0.001"/>
  <testcase name="testMayNotReturnStaleIfErrorInResponseAndAfterRequestWindow" classname="org.apache.http.impl.client.cache.TestCacheValidityPolicy" time="0"/>
  <testcase name="testCorrectedReceivedAgeIsAgeHeaderIfLarger" classname="org.apache.http.impl.client.cache.TestCacheValidityPolicy" time="0"/>
  <testcase name="testMayReturnStaleIfErrorInRequestIsTrueWithinStaleness" classname="org.apache.http.impl.client.cache.TestCacheValidityPolicy" time="0"/>
  <testcase name="testMustRevalidateIsFalseIfDirectiveNotPresent" classname="org.apache.http.impl.client.cache.TestCacheValidityPolicy" time="0"/>
  <testcase name="testResponseDelayIsDifferenceBetweenResponseAndRequestTimes" classname="org.apache.http.impl.client.cache.TestCacheValidityPolicy" time="0"/>
  <testcase name="testCacheEntryIsRevalidatableIfHeadersIncludeETag" classname="org.apache.http.impl.client.cache.TestCacheValidityPolicy" time="0"/>
  <testcase name="testMayReturnStaleWhileRevalidatingIsTrueWhenWithinStaleness" classname="org.apache.http.impl.client.cache.TestCacheValidityPolicy" time="0"/>
  <testcase name="testHeuristicFreshnessLifetimeDefaultsProperly" classname="org.apache.http.impl.client.cache.TestCacheValidityPolicy" time="0"/>
  <testcase name="testMayReturnStaleWhileRevalidatingIsFalseWhenDirectiveEmpty" classname="org.apache.http.impl.client.cache.TestCacheValidityPolicy" time="0"/>
  <testcase name="testCorrectedInitialAgeIsCorrectedReceivedAgePlusResponseDelay" classname="org.apache.http.impl.client.cache.TestCacheValidityPolicy" time="0"/>
  <testcase name="testMalformedExpirationDateReturnsNull" classname="org.apache.http.impl.client.cache.TestCacheValidityPolicy" time="0"/>
  <testcase name="testHeuristicFreshnessLifetimeIsNonNegative" classname="org.apache.http.impl.client.cache.TestCacheValidityPolicy" time="0"/>
  <testcase name="testMayReturnStaleWhileRevalidatingIsFalseWhenDirectiveIsAbsent" classname="org.apache.http.impl.client.cache.TestCacheValidityPolicy" time="0"/>
  <testcase name="testMalformedAgeHeaderValueReturnsMaxAge" classname="org.apache.http.impl.client.cache.TestCacheValidityPolicy" time="0"/>
  <testcase name="testFreshnessLifetimeIsMaxAgeIfPresent" classname="org.apache.http.impl.client.cache.TestCacheValidityPolicy" time="0"/>
  <testcase name="testMissingContentLengthDoesntInvalidateEntry" classname="org.apache.http.impl.client.cache.TestCacheValidityPolicy" time="0.001"/>
  <testcase name="testResidentTimeSecondsIsTimeSinceResponseTime" classname="org.apache.http.impl.client.cache.TestCacheValidityPolicy" time="0"/>
  <testcase name="testCurrentAgeIsCorrectedInitialAgePlusResidentTime" classname="org.apache.http.impl.client.cache.TestCacheValidityPolicy" time="0.002"/>
  <testcase name="testCacheEntryIsNotRevalidatableIfNoAppropriateHeaders" classname="org.apache.http.impl.client.cache.TestCacheValidityPolicy" time="0"/>
  <testcase name="testApparentAgeIsResponseReceivedTimeLessDateHeader" classname="org.apache.http.impl.client.cache.TestCacheValidityPolicy" time="0"/>
  <testcase name="testFreshnessLifetimeIsFromExpiresHeaderIfNoMaxAge" classname="org.apache.http.impl.client.cache.TestCacheValidityPolicy" time="0.001"/>
  <testcase name="testNullResourceInvalidatesEntry" classname="org.apache.http.impl.client.cache.TestCacheValidityPolicy" time="0"/>
  <testcase name="testFreshnessLifetimeIsMostRestrictiveOfMaxAgeAndSMaxAge" classname="org.apache.http.impl.client.cache.TestCacheValidityPolicy" time="0"/>
  <testcase name="testFreshnessLifetimeIsSMaxAgeEvenIfExpiresIsPresent" classname="org.apache.http.impl.client.cache.TestCacheValidityPolicy" time="0.001"/>
  <testcase name="testNegativeApparentAgeIsBroughtUpToZero" classname="org.apache.http.impl.client.cache.TestCacheValidityPolicy" time="0"/>
  <testcase name="testMayNotReturnStaleIfErrorInResponseAndAfterResponseWindow" classname="org.apache.http.impl.client.cache.TestCacheValidityPolicy" time="0"/>
  <testcase name="testNegativeAgeHeaderValueReturnsMaxAge" classname="org.apache.http.impl.client.cache.TestCacheValidityPolicy" time="0"/>
  <testcase name="testCacheEntryIsRevalidatableIfHeadersIncludeLastModifiedDate" classname="org.apache.http.impl.client.cache.TestCacheValidityPolicy" time="0"/>
  <testcase name="testResponseIsFreshIfFreshnessLifetimeExceedsCurrentAge" classname="org.apache.http.impl.client.cache.TestCacheValidityPolicy" time="0"/>
</testsuite>