<?xml version="1.0" encoding="UTF-8"?>
<testsuite name="org.apache.http.impl.client.cache.TestResponseCachingPolicy" time="0.023" tests="96" errors="0" skipped="0" failures="0">
  <properties>
[...]
</properties>
  <testcase name="test303WithExplicitCachingHeadersUnderDefaultBehavior" classname="org.apache.http.impl.client.cache.TestResponseCachingPolicy" time="0"/>
  <testcase name="testPlain303ResponseCodeIsNotCacheableEvenIf303CachingEnabled" classname="org.apache.http.impl.client.cache.TestResponseCachingPolicy" time="0"/>
  <testcase name="testPlain303ResponseCodeIsNotCacheableUnderDefaultBehavior" classname="org.apache.http.impl.client.cache.TestResponseCachingPolicy" time="0"/>
  <testcase name="testIsArbitraryMethodCacheableUsingSharedPublicCache" classname="org.apache.http.impl.client.cache.TestResponseCachingPolicy" time="0"/>
  <testcase name="testIsHeadCacheable" classname="org.apache.http.impl.client.cache.TestResponseCachingPolicy" time="0"/>
  <testcase name="testResponsesToGETWithQueryParamsAndExplicitCachingAreCacheable" classname="org.apache.http.impl.client.cache.TestResponseCachingPolicy" time="0.001"/>
  <testcase name="testIsArbitraryMethodCacheable" classname="org.apache.http.impl.client.cache.TestResponseCachingPolicy" time="0"/>
  <testcase name="test410ResponseCodeIsCacheable" classname="org.apache.http.impl.client.cache.TestResponseCachingPolicy" time="0"/>
  <testcase name="test206ResponseCodeIsNotCacheable" classname="org.apache.http.impl.client.cache.TestResponseCachingPolicy" time="0"/>
  <testcase name="testNon206WithSMaxAgeIsCacheable" classname="org.apache.http.impl.client.cache.TestResponseCachingPolicy" time="0"/>
  <testcase name="testNon206WithPrivateCacheControlIsNotCacheableBySharedCache" classname="org.apache.http.impl.client.cache.TestResponseCachingPolicy" time="0"/>
  <testcase name="testIsGetWithAnyCacheControlCacheable" classname="org.apache.http.impl.client.cache.TestResponseCachingPolicy" time="0"/>
  <testcase name="headsWithQueryParametersFrom1_0OriginsViaExplicitProxiesCanNotBeCacheableEvenWithExpires" classname="org.apache.http.impl.client.cache.TestResponseCachingPolicy" time="0.001"/>
  <testcase name="getsWithQueryParametersFrom1_0OriginsViaProxiesAreCacheableWithExpires" classname="org.apache.http.impl.client.cache.TestResponseCachingPolicy" time="0"/>
  <testcase name="testResponsesWithMultipleExpiresHeadersAreNotCacheable" classname="org.apache.http.impl.client.cache.TestResponseCachingPolicy" time="0"/>
  <testcase name="testIsHeadWithNoCacheEmbeddedInListCacheable" classname="org.apache.http.impl.client.cache.TestResponseCachingPolicy" time="0"/>
  <testcase name="headsWithQueryParametersDirectlyFrom1_0OriginsAreCacheableWithExpires" classname="org.apache.http.impl.client.cache.TestResponseCachingPolicy" time="0.001"/>
  <testcase name="testIsHeadWithAnyCacheControlCacheable" classname="org.apache.http.impl.client.cache.TestResponseCachingPolicy" time="0"/>
  <testcase name="testVaryStarIsNotCacheableUsingSharedPublicCache" classname="org.apache.http.impl.client.cache.TestResponseCachingPolicy" time="0"/>
  <testcase name="testIsHeadWithVaryHeaderCacheable" classname="org.apache.http.impl.client.cache.TestResponseCachingPolicy" time="0.001"/>
  <testcase name="testAuthorizedResponsesWithCacheControlPublicAreCacheable" classname="org.apache.http.impl.client.cache.TestResponseCachingPolicy" time="0"/>
  <testcase name="testPlain302ResponseCodeIsNotCacheable" classname="org.apache.http.impl.client.cache.TestResponseCachingPolicy" time="0"/>
  <testcase name="testResponsesToHEADWithQueryParamsAndExplicitCachingAreCacheable" classname="org.apache.http.impl.client.cache.TestResponseCachingPolicy" time="0"/>
  <testcase name="notCacheableIfExpiresPrecedesDateAndNoCacheControl" classname="org.apache.http.impl.client.cache.TestResponseCachingPolicy" time="0.001"/>
  <testcase name="headsWithQueryParametersFrom1_0OriginsViaProxiesAreNotCacheable" classname="org.apache.http.impl.client.cache.TestResponseCachingPolicy" time="0"/>
  <testcase name="test302WithExplicitCachingHeaders" classname="org.apache.http.impl.client.cache.TestResponseCachingPolicy" time="0"/>
  <testcase name="test303WithExplicitCachingHeadersWhenPermittedByConfig" classname="org.apache.http.impl.client.cache.TestResponseCachingPolicy" time="0.001"/>
  <testcase name="testResponsesToHEADWithQueryParamsButNoExplicitCachingAreNotCacheableEvenWhen1_0QueryCachingDisabled" classname="org.apache.http.impl.client.cache.TestResponseCachingPolicy" time="0"/>
  <testcase name="test206ResponseCodeIsNotCacheableUsingSharedPublicCache" classname="org.apache.http.impl.client.cache.TestResponseCachingPolicy" time="0"/>
  <testcase name="headsWithQueryParametersFrom1_0OriginsViaProxiesCanNotBeCacheableEvenWithExpires" classname="org.apache.http.impl.client.cache.TestResponseCachingPolicy" time="0"/>
  <testcase name="testResponsesWithMalformedDateHeadersAreNotCacheableUsingSharedPublicCache" classname="org.apache.http.impl.client.cache.TestResponseCachingPolicy" time="0"/>
  <testcase name="testIsGetWithNoCacheEmbeddedInListCacheable" classname="org.apache.http.impl.client.cache.TestResponseCachingPolicy" time="0.001"/>
  <testcase name="notCacheableIfExpiresEqualsDateAndNoCacheControl" classname="org.apache.http.impl.client.cache.TestResponseCachingPolicy" time="0"/>
  <testcase name="testResponsesToRequestsWithNoStoreAreNotCacheable" classname="org.apache.http.impl.client.cache.TestResponseCachingPolicy" time="0"/>
  <testcase name="testResponsesWithoutDateHeadersAreNotCacheable" classname="org.apache.http.impl.client.cache.TestResponseCachingPolicy" time="0"/>
  <testcase name="testResponsesToHEADWithQueryParamsButNoExplicitCachingAreNotCacheable" classname="org.apache.http.impl.client.cache.TestResponseCachingPolicy" time="0"/>
  <testcase name="testIsGetWithNoStoreCacheable" classname="org.apache.http.impl.client.cache.TestResponseCachingPolicy" time="0"/>
  <testcase name="testIsGetWithNoCacheCacheable" classname="org.apache.http.impl.client.cache.TestResponseCachingPolicy" time="0"/>
  <testcase name="testPlain307ResponseCodeIsNotCacheable" classname="org.apache.http.impl.client.cache.TestResponseCachingPolicy" time="0"/>
  <testcase name="getsWithQueryParametersDirectlyFrom1_0OriginsAreNotCacheable" classname="org.apache.http.impl.client.cache.TestResponseCachingPolicy" time="0"/>
  <testcase name="test307WithExplicitCachingHeaders" classname="org.apache.http.impl.client.cache.TestResponseCachingPolicy" time="0"/>
  <testcase name="testResponsesToRequestsWithAuthorizationHeadersAreCacheableByNonSharedCache" classname="org.apache.http.impl.client.cache.TestResponseCachingPolicy" time="0"/>
  <testcase name="testNon206WithMustRevalidateIsCacheable" classname="org.apache.http.impl.client.cache.TestResponseCachingPolicy" time="0"/>
  <testcase name="getsWithQueryParametersDirectlyFrom1_0OriginsAreNotCacheableEvenWithSetting" classname="org.apache.http.impl.client.cache.TestResponseCachingPolicy" time="0"/>
  <testcase name="testResponsesWithMalformedDateHeadersAreNotCacheable" classname="org.apache.http.impl.client.cache.TestResponseCachingPolicy" time="0"/>
  <testcase name="testResponsesWithMultipleDateHeadersAreNotCacheableUsingSharedPublicCache" classname="org.apache.http.impl.client.cache.TestResponseCachingPolicy" time="0"/>
  <testcase name="testResponsesWithMultipleAgeHeadersAreNotCacheableUsingSharedPublicCache" classname="org.apache.http.impl.client.cache.TestResponseCachingPolicy" time="0.001"/>
  <testcase name="testResponsesWithMultipleExpiresHeadersAreNotCacheableUsingSharedPublicCache" classname="org.apache.http.impl.client.cache.TestResponseCachingPolicy" time="0"/>
  <testcase name="headsWithQueryParametersFrom1_0OriginsViaExplicitProxiesAreCacheableWithExpires" classname="org.apache.http.impl.client.cache.TestResponseCachingPolicy" time="0"/>
  <testcase name="testIsHeadWithout200Cacheable" classname="org.apache.http.impl.client.cache.TestResponseCachingPolicy" time="0"/>
  <testcase name="testResponsesToRequestsWithAuthorizationHeadersAreNotCacheableBySharedCache" classname="org.apache.http.impl.client.cache.TestResponseCachingPolicy" time="0"/>
  <testcase name="getsWithQueryParametersDirectlyFrom1_0OriginsAreCacheableWithExpires" classname="org.apache.http.impl.client.cache.TestResponseCachingPolicy" time="0.001"/>
  <testcase name="testIsHeadWithNoStoreCacheable" classname="org.apache.http.impl.client.cache.TestResponseCachingPolicy" time="0"/>
  <testcase name="testResponsesToHEADWithQueryParamsAndExplicitCachingAreCacheableEvenWhen1_0QueryCachingDisabled" classname="org.apache.http.impl.client.cache.TestResponseCachingPolicy" time="0"/>
  <testcase name="testIsGetWithNoCacheEmbeddedInListAfterFirstHeaderCacheable" classname="org.apache.http.impl.client.cache.TestResponseCachingPolicy" time="0.001"/>
  <testcase name="testIsHeadWithNoCacheCacheable" classname="org.apache.http.impl.client.cache.TestResponseCachingPolicy" time="0"/>
  <testcase name="headsWithQueryParametersFrom1_0OriginsViaProxiesAreCacheableWithExpires" classname="org.apache.http.impl.client.cache.TestResponseCachingPolicy" time="0"/>
  <testcase name="test203ResponseCodeIsCacheable" classname="org.apache.http.impl.client.cache.TestResponseCachingPolicy" time="0.001"/>
  <testcase name="testIsGetWithNoStoreEmbeddedInListAfterFirstHeaderCacheable" classname="org.apache.http.impl.client.cache.TestResponseCachingPolicy" time="0"/>
  <testcase name="test301ResponseCodeIsCacheable" classname="org.apache.http.impl.client.cache.TestResponseCachingPolicy" time="0"/>
  <testcase name="testNon206WithExplicitExpiresIsCacheable" classname="org.apache.http.impl.client.cache.TestResponseCachingPolicy" time="0"/>
  <testcase name="headsWithQueryParametersDirectlyFrom1_0OriginsCanBeNotCacheableEvenWithExpires" classname="org.apache.http.impl.client.cache.TestResponseCachingPolicy" time="0.001"/>
  <testcase name="testResponsesWithMultipleDateHeadersAreNotCacheable" classname="org.apache.http.impl.client.cache.TestResponseCachingPolicy" time="0"/>
  <testcase name="test300ResponseCodeIsCacheable" classname="org.apache.http.impl.client.cache.TestResponseCachingPolicy" time="0"/>
  <testcase name="testNon206WithMaxAgeIsCacheable" classname="org.apache.http.impl.client.cache.TestResponseCachingPolicy" time="0"/>
  <testcase name="testResponsesToGETWithQueryParamsAndExplicitCachingAreCacheableEvenWhen1_0QueryCachingDisabled" classname="org.apache.http.impl.client.cache.TestResponseCachingPolicy" time="0.001"/>
  <testcase name="getsWithQueryParametersFrom1_0OriginsViaProxiesCanNotBeCacheableEvenWithExpires" classname="org.apache.http.impl.client.cache.TestResponseCachingPolicy" time="0"/>
  <testcase name="test200ResponseWithPrivateCacheControlIsCacheableByNonSharedCache" classname="org.apache.http.impl.client.cache.TestResponseCachingPolicy" time="0.006"/>
  <testcase name="testAuthorizedResponsesWithCacheControlMaxAgeAreNotCacheable" classname="org.apache.http.impl.client.cache.TestResponseCachingPolicy" time="0"/>
  <testcase name="getsWithQueryParametersFrom1_0OriginsViaExplicitProxiesCanNotBeCacheableEvenWithExpires" classname="org.apache.http.impl.client.cache.TestResponseCachingPolicy" time="0"/>
  <testcase name="getsWithQueryParametersDirectlyFrom1_0OriginsCanBeNotCacheableEvenWithExpires" classname="org.apache.http.impl.client.cache.TestResponseCachingPolicy" time="0"/>
  <testcase name="testResponsesWithMultipleAgeHeadersAreNotCacheable" classname="org.apache.http.impl.client.cache.TestResponseCachingPolicy" time="0"/>
  <testcase name="headsWithQueryParametersFrom1_1OriginsVia1_0ProxiesAreCacheableWithExpires" classname="org.apache.http.impl.client.cache.TestResponseCachingPolicy" time="0"/>
  <testcase name="testIsGetWithVaryHeaderCacheable" classname="org.apache.http.impl.client.cache.TestResponseCachingPolicy" time="0"/>
  <testcase name="testResponsesToGETWithQueryParamsButNoExplicitCachingAreNotCacheableEvenWhen1_0QueryCachingDisabled" classname="org.apache.http.impl.client.cache.TestResponseCachingPolicy" time="0"/>
  <testcase name="getsWithQueryParametersFrom1_1OriginsVia1_0ProxiesAreCacheableWithExpires" classname="org.apache.http.impl.client.cache.TestResponseCachingPolicy" time="0"/>
  <testcase name="testResponseThatHasTooMuchContentIsNotCacheable" classname="org.apache.http.impl.client.cache.TestResponseCachingPolicy" time="0"/>
  <testcase name="testAuthorizedResponsesWithSMaxAgeAreCacheable" classname="org.apache.http.impl.client.cache.TestResponseCachingPolicy" time="0.001"/>
  <testcase name="getsWithQueryParametersFrom1_0OriginsViaProxiesAreNotCacheable" classname="org.apache.http.impl.client.cache.TestResponseCachingPolicy" time="0"/>
  <testcase name="testIsHeadWithNoStoreEmbeddedInListCacheable" classname="org.apache.http.impl.client.cache.TestResponseCachingPolicy" time="0"/>
  <testcase name="testResponsesThatAreSmallEnoughAreCacheable" classname="org.apache.http.impl.client.cache.TestResponseCachingPolicy" time="0"/>
  <testcase name="testNon206WithPublicCacheControlIsCacheable" classname="org.apache.http.impl.client.cache.TestResponseCachingPolicy" time="0.001"/>
  <testcase name="testResponseThatHasTooMuchContentIsNotCacheableUsingSharedPublicCache" classname="org.apache.http.impl.client.cache.TestResponseCachingPolicy" time="0"/>
  <testcase name="testIsGetWithNoStoreEmbeddedInListCacheable" classname="org.apache.http.impl.client.cache.TestResponseCachingPolicy" time="0"/>
  <testcase name="getsWithQueryParametersFrom1_0OriginsViaExplicitProxiesAreCacheableWithExpires" classname="org.apache.http.impl.client.cache.TestResponseCachingPolicy" time="0"/>
  <testcase name="testIsHeadWithNoCacheEmbeddedInListAfterFirstHeaderCacheable" classname="org.apache.http.impl.client.cache.TestResponseCachingPolicy" time="0.001"/>
  <testcase name="testVaryStarIsNotCacheable" classname="org.apache.http.impl.client.cache.TestResponseCachingPolicy" time="0"/>
  <testcase name="testIsGetCacheable" classname="org.apache.http.impl.client.cache.TestResponseCachingPolicy" time="0"/>
  <testcase name="testIsHeadWithNoStoreEmbeddedInListAfterFirstHeaderCacheable" classname="org.apache.http.impl.client.cache.TestResponseCachingPolicy" time="0"/>
  <testcase name="testAuthorizedResponsesWithMustRevalidateAreCacheable" classname="org.apache.http.impl.client.cache.TestResponseCachingPolicy" time="0"/>
  <testcase name="testIsGetWithout200Cacheable" classname="org.apache.http.impl.client.cache.TestResponseCachingPolicy" time="0.001"/>
  <testcase name="testNon206WithProxyRevalidateIsCacheable" classname="org.apache.http.impl.client.cache.TestResponseCachingPolicy" time="0"/>
  <testcase name="testResponsesToGETWithQueryParamsButNoExplicitCachingAreNotCacheable" classname="org.apache.http.impl.client.cache.TestResponseCachingPolicy" time="0"/>
  <testcase name="otherStatusCodesAreCacheableWithExplicitCachingHeaders" classname="org.apache.http.impl.client.cache.TestResponseCachingPolicy" time="0"/>
  <testcase name="headsWithQueryParametersDirectlyFrom1_0OriginsAreNotCacheable" classname="org.apache.http.impl.client.cache.TestResponseCachingPolicy" time="0"/>
  <testcase name="headsWithQueryParametersDirectlyFrom1_0OriginsAreNotCacheableEvenWithSetting" classname="org.apache.http.impl.client.cache.TestResponseCachingPolicy" time="0"/>
</testsuite>