<?xml version="1.0" encoding="UTF-8"?>
<testsuite name="org.apache.http.impl.client.cache.TestProtocolRecommendations" time="0.326" tests="87" errors="0" skipped="0" failures="0">
  <properties>
[...]
</properties>
  <testcase name="testDoesNotModifyLocationOnResponses" classname="org.apache.http.impl.client.cache.TestProtocolRecommendations" time="0.002"/>
  <testcase name="shouldStripContentLengthFromOrigin304ResponseToStrongValidation" classname="org.apache.http.impl.client.cache.TestProtocolRecommendations" time="0.004"/>
  <testcase name="testDoesNotAddNewWarningHeaderIfResponseArrivesStale" classname="org.apache.http.impl.client.cache.TestProtocolRecommendations" time="0.038"/>
  <testcase name="testForwardsExistingWarningHeadersOnResponseThatArrivesStale" classname="org.apache.http.impl.client.cache.TestProtocolRecommendations" time="0.016"/>
  <testcase name="testUsesBothLastModifiedAndETagForConditionalRequestsIfAvailable" classname="org.apache.http.impl.client.cache.TestProtocolRecommendations" time="0.003"/>
  <testcase name="testRevalidatesCachedResponseWithExpirationInThePast" classname="org.apache.http.impl.client.cache.TestProtocolRecommendations" time="0.003"/>
  <testcase name="returns504ForStaleEntryWithOnlyIfCached" classname="org.apache.http.impl.client.cache.TestProtocolRecommendations" time="0.002"/>
  <testcase name="shouldStripContentEncodingFromOrigin304ResponseToStrongValidation" classname="org.apache.http.impl.client.cache.TestProtocolRecommendations" time="0.002"/>
  <testcase name="testDoesNotModifyExtensionHeaderOnResponses" classname="org.apache.http.impl.client.cache.TestProtocolRecommendations" time="0.002"/>
  <testcase name="responseToGetWithQueryFrom1_0OriginAndNoExpiresIsNotCached" classname="org.apache.http.impl.client.cache.TestProtocolRecommendations" time="0.002"/>
  <testcase name="testDoesNotModifyAcceptRangesOnResponses" classname="org.apache.http.impl.client.cache.TestProtocolRecommendations" time="0.001"/>
  <testcase name="cacheGenerated304ForStrongValidatorShouldNotContainContentMD5" classname="org.apache.http.impl.client.cache.TestProtocolRecommendations" time="0.002"/>
  <testcase name="testDoesNotModifyIfNoneMatchOnRequests" classname="org.apache.http.impl.client.cache.TestProtocolRecommendations" time="0.002"/>
  <testcase name="testDoesNotModifyContentTypeOnRequests" classname="org.apache.http.impl.client.cache.TestProtocolRecommendations" time="0.001"/>
  <testcase name="testDoesNotReturnStaleResponseIfClientExplicitlyRequestsFirstHandOneWithCacheControl" classname="org.apache.http.impl.client.cache.TestProtocolRecommendations" time="0.002"/>
  <testcase name="cacheGenerated304ForStrongDateValidatorShouldNotContainContentLanguage" classname="org.apache.http.impl.client.cache.TestProtocolRecommendations" time="0.002"/>
  <testcase name="testDoesNotModifyRefererOnRequests" classname="org.apache.http.impl.client.cache.TestProtocolRecommendations" time="0.002"/>
  <testcase name="testResponseToExistingVariantsUpdatesEntry" classname="org.apache.http.impl.client.cache.TestProtocolRecommendations" time="0.004"/>
  <testcase name="testDoesNotReturnStaleResponseIfClientExplicitlyRequestsFirstHandOneWithPragma" classname="org.apache.http.impl.client.cache.TestProtocolRecommendations" time="0.002"/>
  <testcase name="testDoesNotModifyContentRangeOnResponses" classname="org.apache.http.impl.client.cache.TestProtocolRecommendations" time="0.001"/>
  <testcase name="issues304EvenWithWeakETag" classname="org.apache.http.impl.client.cache.TestProtocolRecommendations" time="0.002"/>
  <testcase name="cacheGenerated304ForStrongDateValidatorShouldNotContainContentType" classname="org.apache.http.impl.client.cache.TestProtocolRecommendations" time="0.002"/>
  <testcase name="testDoesNotModifyExtensionHeaderOnRequests" classname="org.apache.http.impl.client.cache.TestProtocolRecommendations" time="0.002"/>
  <testcase name="cacheGenerated304ForStrongEtagValidatorShouldNotContainContentEncoding" classname="org.apache.http.impl.client.cache.TestProtocolRecommendations" time="0.002"/>
  <testcase name="responseToGetWithQueryFrom1_0OriginVia1_1ProxyAndNoExpiresIsNotCached" classname="org.apache.http.impl.client.cache.TestProtocolRecommendations" time="0.001"/>
  <testcase name="shouldStripContentRangeFromOrigin304ResponseToStringValidation" classname="org.apache.http.impl.client.cache.TestProtocolRecommendations" time="0.002"/>
  <testcase name="testDoesNotModifyIfModifiedSinceOnRequests" classname="org.apache.http.impl.client.cache.TestProtocolRecommendations" time="0.002"/>
  <testcase name="testDoesNotReturnStaleResponseIfClientExplicitlyRequestsFreshWithMaxAge" classname="org.apache.http.impl.client.cache.TestProtocolRecommendations" time="0.007"/>
  <testcase name="testDoesNotModifyContentLengthOnRequests" classname="org.apache.http.impl.client.cache.TestProtocolRecommendations" time="0.002"/>
  <testcase name="testDoesNotReturnStaleResponseIfClientExplicitlyRequestsFreshWithMaxStale" classname="org.apache.http.impl.client.cache.TestProtocolRecommendations" time="0.003"/>
  <testcase name="testUsesLastModifiedDateForCacheConditionalRequests" classname="org.apache.http.impl.client.cache.TestProtocolRecommendations" time="0.042"/>
  <testcase name="testDoesNotModifyIfRangeOnRequests" classname="org.apache.http.impl.client.cache.TestProtocolRecommendations" time="0.002"/>
  <testcase name="cacheGenerated304ForStrongEtagValidatorShouldNotContainContentType" classname="org.apache.http.impl.client.cache.TestProtocolRecommendations" time="0.002"/>
  <testcase name="testDoesNotModifyContentLengthOnResponses" classname="org.apache.http.impl.client.cache.TestProtocolRecommendations" time="0.018"/>
  <testcase name="shouldStripLastModifiedFromOrigin304ResponseToStrongValidation" classname="org.apache.http.impl.client.cache.TestProtocolRecommendations" time="0.001"/>
  <testcase name="cacheGenerated304ForStrongEtagValidatorShouldNotContainAllow" classname="org.apache.http.impl.client.cache.TestProtocolRecommendations" time="0.003"/>
  <testcase name="shouldInvalidateAllVariantsForUnknownMethod" classname="org.apache.http.impl.client.cache.TestProtocolRecommendations" time="0.007"/>
  <testcase name="cacheGenerated304ForStrongEtagValidatorShouldNotContainContentLanguage" classname="org.apache.http.impl.client.cache.TestProtocolRecommendations" time="0.002"/>
  <testcase name="cacheGenerated304ForStrongDateValidatorShouldNotContainContentLength" classname="org.apache.http.impl.client.cache.TestProtocolRecommendations" time="0.003"/>
  <testcase name="testDoesNotModifyUserAgentOnRequests" classname="org.apache.http.impl.client.cache.TestProtocolRecommendations" time="0.002"/>
  <testcase name="cacheHitOkWithOnlyIfCached" classname="org.apache.http.impl.client.cache.TestProtocolRecommendations" time="0.007"/>
  <testcase name="expiresPriorToDateWithNoCacheControlIsNotCacheable" classname="org.apache.http.impl.client.cache.TestProtocolRecommendations" time="0.003"/>
  <testcase name="cacheMissResultsIn504WithOnlyIfCached" classname="org.apache.http.impl.client.cache.TestProtocolRecommendations" time="0.001"/>
  <testcase name="cacheGenerated304ForStrongEtagValidatorShouldNotContainContentRange" classname="org.apache.http.impl.client.cache.TestProtocolRecommendations" time="0.002"/>
  <testcase name="variantNegotiationsDoNotIncludeEtagsForPartialResponses" classname="org.apache.http.impl.client.cache.TestProtocolRecommendations" time="0.004"/>
  <testcase name="testDoesNotModifyExpiresOnResponses" classname="org.apache.http.impl.client.cache.TestProtocolRecommendations" time="0.001"/>
  <testcase name="shouldStripAllowFromOrigin304ResponseToStrongValidation" classname="org.apache.http.impl.client.cache.TestProtocolRecommendations" time="0.002"/>
  <testcase name="testMayReturnStaleResponseIfClientExplicitlySpecifiesAcceptableMaxStale" classname="org.apache.http.impl.client.cache.TestProtocolRecommendations" time="0.002"/>
  <testcase name="testDoesNotModifyServerOnResponses" classname="org.apache.http.impl.client.cache.TestProtocolRecommendations" time="0.002"/>
  <testcase name="testDoesNotModifyContentTypeOnResponses" classname="org.apache.http.impl.client.cache.TestProtocolRecommendations" time="0.002"/>
  <testcase name="cacheGenerated304ForStrongValidatorShouldNotContainContentLength" classname="org.apache.http.impl.client.cache.TestProtocolRecommendations" time="0.002"/>
  <testcase name="shouldInvalidateNonvariantCacheEntryForUnknownMethod" classname="org.apache.http.impl.client.cache.TestProtocolRecommendations" time="0.003"/>
  <testcase name="cacheGenerated304ForStrongDateValidatorShouldNotContainContentMD5" classname="org.apache.http.impl.client.cache.TestProtocolRecommendations" time="0.002"/>
  <testcase name="testDoesNotModifyDateOnRequests" classname="org.apache.http.impl.client.cache.TestProtocolRecommendations" time="0.002"/>
  <testcase name="testDoesNotModifyAuthorizationOnRequests" classname="org.apache.http.impl.client.cache.TestProtocolRecommendations" time="0.002"/>
  <testcase name="testReturnsCachedResponsesAppropriatelyWhenNoOriginCommunication" classname="org.apache.http.impl.client.cache.TestProtocolRecommendations" time="0.002"/>
  <testcase name="returnsStaleCacheEntryWithOnlyIfCachedAndMaxStale" classname="org.apache.http.impl.client.cache.TestProtocolRecommendations" time="0.002"/>
  <testcase name="cacheGenerated304ForStrongDateValidatorShouldNotContainContentRange" classname="org.apache.http.impl.client.cache.TestProtocolRecommendations" time="0.005"/>
  <testcase name="testDoesNotModifyRetryAfterOnResponses" classname="org.apache.http.impl.client.cache.TestProtocolRecommendations" time="0.001"/>
  <testcase name="cachedEntryShouldNotBeUsedIfMoreRecentMentionInContentLocation" classname="org.apache.http.impl.client.cache.TestProtocolRecommendations" time="0.003"/>
  <testcase name="testDoesNotModifyFromOnRequests" classname="org.apache.http.impl.client.cache.TestProtocolRecommendations" time="0.002"/>
  <testcase name="testDoesNotModifyContentRangeOnRequests" classname="org.apache.http.impl.client.cache.TestProtocolRecommendations" time="0.001"/>
  <testcase name="shouldStripContentTypeFromOrigin304ResponseToStrongValidation" classname="org.apache.http.impl.client.cache.TestProtocolRecommendations" time="0.001"/>
  <testcase name="expiresEqualToDateWithNoCacheControlIsNotCacheable" classname="org.apache.http.impl.client.cache.TestProtocolRecommendations" time="0.003"/>
  <testcase name="testDoesNotModifyDateOnResponses" classname="org.apache.http.impl.client.cache.TestProtocolRecommendations" time="0.002"/>
  <testcase name="testRetriesValidationThatResultsInAnOlderDated304Response" classname="org.apache.http.impl.client.cache.TestProtocolRecommendations" time="0.002"/>
  <testcase name="testDoesNotModifyIfUnmodifiedSinceOnRequests" classname="org.apache.http.impl.client.cache.TestProtocolRecommendations" time="0.001"/>
  <testcase name="testIdentityCodingIsNotUsedInContentEncodingHeader" classname="org.apache.http.impl.client.cache.TestProtocolRecommendations" time="0.004"/>
  <testcase name="cacheGenerated304ForStrongEtagValidatorShouldNotContainLastModified" classname="org.apache.http.impl.client.cache.TestProtocolRecommendations" time="0.002"/>
  <testcase name="testDoesNotModifyVaryOnResponses" classname="org.apache.http.impl.client.cache.TestProtocolRecommendations" time="0.002"/>
  <testcase name="otherFreshnessRequestDirectivesNotAllowedWithNoCache" classname="org.apache.http.impl.client.cache.TestProtocolRecommendations" time="0.002"/>
  <testcase name="cacheGenerated304ForStrongDateValidatorShouldNotContainAllow" classname="org.apache.http.impl.client.cache.TestProtocolRecommendations" time="0.002"/>
  <testcase name="testResponseToExistingVariantsIsCachedForFutureResponses" classname="org.apache.http.impl.client.cache.TestProtocolRecommendations" time="0.003"/>
  <testcase name="testSendsAllVariantEtagsInConditionalRequest" classname="org.apache.http.impl.client.cache.TestProtocolRecommendations" time="0.007"/>
  <testcase name="shouldStripContentMD5FromOrigin304ResponseToStrongValidation" classname="org.apache.http.impl.client.cache.TestProtocolRecommendations" time="0.001"/>
  <testcase name="testDoesNotModifyContentMD5OnRequests" classname="org.apache.http.impl.client.cache.TestProtocolRecommendations" time="0.002"/>
  <testcase name="testDoesNotModifyLastModifiedOnResponses" classname="org.apache.http.impl.client.cache.TestProtocolRecommendations" time="0.002"/>
  <testcase name="testDoesNotModifyIfMatchOnRequests" classname="org.apache.http.impl.client.cache.TestProtocolRecommendations" time="0.001"/>
  <testcase name="shouldStripContentLanguageFromOrigin304ResponseToStrongValidation" classname="org.apache.http.impl.client.cache.TestProtocolRecommendations" time="0.002"/>
  <testcase name="testDoesNotReturnStaleResponseIfClientExplicitlySpecifiesLargerMaxAge" classname="org.apache.http.impl.client.cache.TestProtocolRecommendations" time="0.002"/>
  <testcase name="cacheGenerated304ForStrongDateValidatorShouldNotContainContentEncoding" classname="org.apache.http.impl.client.cache.TestProtocolRecommendations" time="0.002"/>
  <testcase name="cacheGenerated304ForStrongDateValidatorShouldNotContainLastModified" classname="org.apache.http.impl.client.cache.TestProtocolRecommendations" time="0.003"/>
  <testcase name="cacheShouldUpdateWithNewCacheableResponse" classname="org.apache.http.impl.client.cache.TestProtocolRecommendations" time="0.014"/>
  <testcase name="testDoesNotReturnStaleResponseIfClientExplicitlyRequestsFreshWithMinFresh" classname="org.apache.http.impl.client.cache.TestProtocolRecommendations" time="0.006"/>
  <testcase name="testDoesNotModifyRangeOnRequests" classname="org.apache.http.impl.client.cache.TestProtocolRecommendations" time="0.005"/>
  <testcase name="testDoesNotModifyContentMD5OnResponses" classname="org.apache.http.impl.client.cache.TestProtocolRecommendations" time="0.001"/>
  <testcase name="testDoesNotModifyETagOnResponses" classname="org.apache.http.impl.client.cache.TestProtocolRecommendations" time="0.001"/>
</testsuite>